0 info it worked if it ends with ok
1 verbose cli [ 'node',
1 verbose cli   '/usr/local/bin/npm',
1 verbose cli   'install',
1 verbose cli   'optionalDependencies',
1 verbose cli   '-S' ]
2 info using npm@2.11.3
3 info using node@v0.12.7
4 verbose install initial load of /Users/Bearis/Dev/nodejs/nodejs_chat/package.json
5 warn package.json nodejs_chat@1.1.0 No repository field.
6 warn package.json nodejs_chat@1.1.0 No README data
7 verbose installManyTop reading scoped package data from /Users/Bearis/Dev/nodejs/nodejs_chat/node_modules/express/package.json
8 verbose installManyTop reading scoped package data from /Users/Bearis/Dev/nodejs/nodejs_chat/node_modules/socket.io/package.json
9 verbose readDependencies loading dependencies from /Users/Bearis/Dev/nodejs/nodejs_chat/package.json
10 silly cache add args [ 'optionalDependencies', null ]
11 verbose cache add spec optionalDependencies
12 silly cache add parsed spec { raw: 'optionalDependencies',
12 silly cache add   scope: null,
12 silly cache add   name: 'optionalDependencies',
12 silly cache add   rawSpec: '',
12 silly cache add   spec: '*',
12 silly cache add   type: 'range' }
13 silly addNamed optionalDependencies@*
14 verbose addNamed "*" is a valid semver range for optionalDependencies
15 silly addNameRange { name: 'optionalDependencies', range: '*', hasData: false }
16 silly mapToRegistry name optionalDependencies
17 silly mapToRegistry using default registry
18 silly mapToRegistry registry https://registry.npmjs.org/
19 silly mapToRegistry uri https://registry.npmjs.org/optionalDependencies
20 verbose addNameRange registry:https://registry.npmjs.org/optionalDependencies not in flight; fetching
21 verbose request uri https://registry.npmjs.org/optionalDependencies
22 verbose request no auth needed
23 info attempt registry request try #1 at 10:56:28 AM
24 verbose request id cb5dd6ae11a22e79
25 http request GET https://registry.npmjs.org/optionalDependencies
26 http 404 https://registry.npmjs.org/optionalDependencies
27 verbose headers { 'content-type': 'application/json',
27 verbose headers   'cache-control': 'max-age=0',
27 verbose headers   'content-length': '2',
27 verbose headers   'accept-ranges': 'bytes',
27 verbose headers   date: 'Thu, 02 Jun 2016 07:56:29 GMT',
27 verbose headers   via: '1.1 varnish',
27 verbose headers   age: '0',
27 verbose headers   connection: 'keep-alive',
27 verbose headers   'x-served-by': 'cache-fra1224-FRA',
27 verbose headers   'x-cache': 'MISS',
27 verbose headers   'x-cache-hits': '0',
27 verbose headers   'x-timer': 'S1464854188.703937,VS0,VE439',
27 verbose headers   vary: 'Accept-Encoding' }
28 silly get cb [ 404,
28 silly get   { 'content-type': 'application/json',
28 silly get     'cache-control': 'max-age=0',
28 silly get     'content-length': '2',
28 silly get     'accept-ranges': 'bytes',
28 silly get     date: 'Thu, 02 Jun 2016 07:56:29 GMT',
28 silly get     via: '1.1 varnish',
28 silly get     age: '0',
28 silly get     connection: 'keep-alive',
28 silly get     'x-served-by': 'cache-fra1224-FRA',
28 silly get     'x-cache': 'MISS',
28 silly get     'x-cache-hits': '0',
28 silly get     'x-timer': 'S1464854188.703937,VS0,VE439',
28 silly get     vary: 'Accept-Encoding' } ]
29 verbose stack Error: Registry returned 404 for GET on https://registry.npmjs.org/optionalDependencies
29 verbose stack     at CachingRegistryClient.<anonymous> (/usr/local/lib/node_modules/npm/node_modules/npm-registry-client/lib/request.js:239:14)
29 verbose stack     at Request._callback (/usr/local/lib/node_modules/npm/node_modules/npm-registry-client/lib/request.js:170:14)
29 verbose stack     at Request.self.callback (/usr/local/lib/node_modules/npm/node_modules/request/request.js:354:22)
29 verbose stack     at Request.emit (events.js:110:17)
29 verbose stack     at Request.<anonymous> (/usr/local/lib/node_modules/npm/node_modules/request/request.js:1207:14)
29 verbose stack     at Request.emit (events.js:129:20)
29 verbose stack     at IncomingMessage.<anonymous> (/usr/local/lib/node_modules/npm/node_modules/request/request.js:1153:12)
29 verbose stack     at IncomingMessage.emit (events.js:129:20)
29 verbose stack     at _stream_readable.js:908:16
29 verbose stack     at process._tickCallback (node.js:355:11)
30 verbose statusCode 404
31 verbose pkgid optionalDependencies
32 verbose cwd /Users/Bearis/Dev/nodejs/nodejs_chat
33 error Darwin 15.4.0
34 error argv "node" "/usr/local/bin/npm" "install" "optionalDependencies" "-S"
35 error node v0.12.7
36 error npm  v2.11.3
37 error code E404
38 error 404 Registry returned 404 for GET on https://registry.npmjs.org/optionalDependencies
38 error 404
38 error 404 'optionalDependencies' is not in the npm registry.
38 error 404 Your package name is not valid, because
38 error 404
38 error 404  1. name can no longer contain capital letters
38 error 404 It was specified as a dependency of 'nodejs_chat'
38 error 404
38 error 404 Note that you can also install from a
38 error 404 tarball, folder, http url, or git url.
39 verbose exit [ 1, true ]
